[1/9] Performing build step for 'bootloader'
[1/1] cd /home/basil/project/DHT11_ble/frimware/build/bootloader/esp-idf/esptool_py && /home/basil/.espressif/python_env/idf5.0_py3.10_env/bin/python /home/basil/esp/esp-idf/components/partition_table/check_sizes.py --offset 0x8000 bootloader 0x1000 /home/basil/project/DHT11_ble/frimware/build/bootloader/bootloader.bin
Bootloader binary size 0x6700 bytes. 0x900 bytes (8%) free.
[2/7] Building C object esp-idf/main/CMakeFiles/__idf_main.dir/main.c.obj
FAILED: esp-idf/main/CMakeFiles/__idf_main.dir/main.c.obj 
/home/basil/.espressif/tools/xtensa-esp32-elf/esp-2022r1-11.2.0/xtensa-esp32-elf/bin/xtensa-esp32-elf-gcc -DMBEDTLS_CONFIG_FILE=\"mbedtls/esp_config.h\" -DUNITY_INCLUDE_CONFIG_H -I/home/basil/project/DHT11_ble/frimware/build/config -I/home/basil/project/DHT11_ble/frimware/main -I/home/basil/esp/esp-idf/components/newlib/platform_include -I/home/basil/esp/esp-idf/components/freertos/FreeRTOS-Kernel/include -I/home/basil/esp/esp-idf/components/freertos/esp_additions/include/freertos -I/home/basil/esp/esp-idf/components/freertos/FreeRTOS-Kernel/portable/xtensa/include -I/home/basil/esp/esp-idf/components/freertos/esp_additions/include -I/home/basil/esp/esp-idf/components/esp_hw_support/include -I/home/basil/esp/esp-idf/components/esp_hw_support/include/soc -I/home/basil/esp/esp-idf/components/esp_hw_support/include/soc/esp32 -I/home/basil/esp/esp-idf/components/esp_hw_support/port/esp32/. -I/home/basil/esp/esp-idf/components/esp_hw_support/port/esp32/private_include -I/home/basil/esp/esp-idf/components/heap/include -I/home/basil/esp/esp-idf/components/log/include -I/home/basil/esp/esp-idf/components/soc/include -I/home/basil/esp/esp-idf/components/soc/esp32/. -I/home/basil/esp/esp-idf/components/soc/esp32/include -I/home/basil/esp/esp-idf/components/hal/esp32/include -I/home/basil/esp/esp-idf/components/hal/include -I/home/basil/esp/esp-idf/components/hal/platform_port/include -I/home/basil/esp/esp-idf/components/esp_rom/include -I/home/basil/esp/esp-idf/components/esp_rom/include/esp32 -I/home/basil/esp/esp-idf/components/esp_rom/esp32 -I/home/basil/esp/esp-idf/components/esp_common/include -I/home/basil/esp/esp-idf/components/esp_system/include -I/home/basil/esp/esp-idf/components/esp_system/port/soc -I/home/basil/esp/esp-idf/components/esp_system/port/include/private -I/home/basil/esp/esp-idf/components/xtensa/include -I/home/basil/esp/esp-idf/components/xtensa/esp32/include -I/home/basil/esp/esp-idf/components/lwip/include -I/home/basil/esp/esp-idf/components/lwip/include/apps -I/home/basil/esp/esp-idf/components/lwip/include/apps/sntp -I/home/basil/esp/esp-idf/components/lwip/lwip/src/include -I/home/basil/esp/esp-idf/components/lwip/port/esp32/include -I/home/basil/esp/esp-idf/components/lwip/port/esp32/include/arch -I/home/basil/esp/esp-idf/components/esp_ringbuf/include -I/home/basil/esp/esp-idf/components/efuse/include -I/home/basil/esp/esp-idf/components/efuse/esp32/include -I/home/basil/esp/esp-idf/components/driver/include -I/home/basil/esp/esp-idf/components/driver/deprecated -I/home/basil/esp/esp-idf/components/driver/esp32/include -I/home/basil/esp/esp-idf/components/esp_pm/include -I/home/basil/esp/esp-idf/components/mbedtls/port/include -I/home/basil/esp/esp-idf/components/mbedtls/mbedtls/include -I/home/basil/esp/esp-idf/components/mbedtls/mbedtls/library -I/home/basil/esp/esp-idf/components/mbedtls/esp_crt_bundle/include -I/home/basil/esp/esp-idf/components/esp_app_format/include -I/home/basil/esp/esp-idf/components/bootloader_support/include -I/home/basil/esp/esp-idf/components/bootloader_support/bootloader_flash/include -I/home/basil/esp/esp-idf/components/esp_partition/include -I/home/basil/esp/esp-idf/components/app_update/include -I/home/basil/esp/esp-idf/components/spi_flash/include -I/home/basil/esp/esp-idf/components/pthread/include -I/home/basil/esp/esp-idf/components/esp_timer/include -I/home/basil/esp/esp-idf/components/app_trace/include -I/home/basil/esp/esp-idf/components/esp_event/include -I/home/basil/esp/esp-idf/components/nvs_flash/include -I/home/basil/esp/esp-idf/components/esp_phy/include -I/home/basil/esp/esp-idf/components/esp_phy/esp32/include -I/home/basil/esp/esp-idf/components/vfs/include -I/home/basil/esp/esp-idf/components/esp_netif/include -I/home/basil/esp/esp-idf/components/wpa_supplicant/include -I/home/basil/esp/esp-idf/components/wpa_supplicant/port/include -I/home/basil/esp/esp-idf/components/wpa_supplicant/esp_supplicant/include -I/home/basil/esp/esp-idf/components/esp_wifi/include -I/home/basil/esp/esp-idf/components/unity/include -I/home/basil/esp/esp-idf/components/unity/unity/src -I/home/basil/esp/esp-idf/components/cmock/CMock/src -I/home/basil/esp/esp-idf/components/console -I/home/basil/esp/esp-idf/components/http_parser -I/home/basil/esp/esp-idf/components/esp-tls -I/home/basil/esp/esp-idf/components/esp-tls/esp-tls-crypto -I/home/basil/esp/esp-idf/components/esp_adc/include -I/home/basil/esp/esp-idf/components/esp_adc/interface -I/home/basil/esp/esp-idf/components/esp_adc/esp32/include -I/home/basil/esp/esp-idf/components/esp_adc/deprecated/include -I/home/basil/esp/esp-idf/components/esp_eth/include -I/home/basil/esp/esp-idf/components/esp_gdbstub/include -I/home/basil/esp/esp-idf/components/esp_gdbstub/xtensa -I/home/basil/esp/esp-idf/components/esp_gdbstub/esp32 -I/home/basil/esp/esp-idf/components/esp_hid/include -I/home/basil/esp/esp-idf/components/tcp_transport/include -I/home/basil/esp/esp-idf/components/esp_http_client/include -I/home/basil/esp/esp-idf/components/esp_http_server/include -I/home/basil/esp/esp-idf/components/esp_https_ota/include -I/home/basil/esp/esp-idf/components/esp_lcd/include -I/home/basil/esp/esp-idf/components/esp_lcd/interface -I/home/basil/esp/esp-idf/components/protobuf-c/protobuf-c -I/home/basil/esp/esp-idf/components/protocomm/include/common -I/home/basil/esp/esp-idf/components/protocomm/include/security -I/home/basil/esp/esp-idf/components/protocomm/include/transports -I/home/basil/esp/esp-idf/components/esp_local_ctrl/include -I/home/basil/esp/esp-idf/components/esp_psram/include -I/home/basil/esp/esp-idf/components/espcoredump/include -I/home/basil/esp/esp-idf/components/espcoredump/include/port/xtensa -I/home/basil/esp/esp-idf/components/wear_levelling/include -I/home/basil/esp/esp-idf/components/sdmmc/include -I/home/basil/esp/esp-idf/components/fatfs/diskio -I/home/basil/esp/esp-idf/components/fatfs/vfs -I/home/basil/esp/esp-idf/components/fatfs/src -I/home/basil/esp/esp-idf/components/idf_test/include -I/home/basil/esp/esp-idf/components/idf_test/include/esp32 -I/home/basil/esp/esp-idf/components/ieee802154/include -I/home/basil/esp/esp-idf/components/json/cJSON -I/home/basil/esp/esp-idf/components/mqtt/esp-mqtt/include -I/home/basil/esp/esp-idf/components/perfmon/include -I/home/basil/esp/esp-idf/components/spiffs/include -I/home/basil/esp/esp-idf/components/ulp/ulp_common/include -I/home/basil/esp/esp-idf/components/ulp/ulp_common/include/esp32 -I/home/basil/esp/esp-idf/components/wifi_provisioning/include -mlongcalls -Wno-frame-address  -ffunction-sections -fdata-sections -Wall -Werror=all -Wno-error=unused-function -Wno-error=unused-variable -Wno-error=deprecated-declarations -Wextra -Wno-unused-parameter -Wno-sign-compare -Wno-enum-conversion -gdwarf-4 -ggdb -Og -fmacro-prefix-map=/home/basil/project/DHT11_ble/frimware=. -fmacro-prefix-map=/home/basil/esp/esp-idf=/IDF -fstrict-volatile-bitfields -Wno-error=unused-but-set-variable -fno-jump-tables -fno-tree-switch-conversion -DconfigENABLE_FREERTOS_DEBUG_OCDAWARE=1 -std=gnu17 -Wno-old-style-declaration -D_GNU_SOURCE -DIDF_VER=\"v5.0.1\" -DESP_PLATFORM -D_POSIX_READER_WRITER_LOCKS -MD -MT esp-idf/main/CMakeFiles/__idf_main.dir/main.c.obj -MF esp-idf/main/CMakeFiles/__idf_main.dir/main.c.obj.d -o esp-idf/main/CMakeFiles/__idf_main.dir/main.c.obj -c /home/basil/project/DHT11_ble/frimware/main/main.c
/home/basil/project/DHT11_ble/frimware/main/main.c:8:1: error: return type defaults to 'int' [-Werror=implicit-int]
    8 | DHT_DHT(uint8_t pin, uint8_t type, uint8_t count) {
      | ^~~~~~~
/home/basil/project/DHT11_ble/frimware/main/main.c: In function 'DHT_DHT':
/home/basil/project/DHT11_ble/frimware/main/main.c:10:3: error: '_pin' undeclared (first use in this function); did you mean 'pin'?
   10 |   _pin = pin;
      |   ^~~~
      |   pin
/home/basil/project/DHT11_ble/frimware/main/main.c:10:3: note: each undeclared identifier is reported only once for each function it appears in
/home/basil/project/DHT11_ble/frimware/main/main.c:11:3: error: '_type' undeclared (first use in this function); did you mean 'type'?
   11 |   _type = type;
      |   ^~~~~
      |   type
/home/basil/project/DHT11_ble/frimware/main/main.c:12:3: error: '_maxcycles' undeclared (first use in this function)
   12 |   _maxcycles = 1000; // 1 millisecond timeout for ESP32
      |   ^~~~~~~~~~
/home/basil/project/DHT11_ble/frimware/main/main.c: In function 'DHT_begin':
/home/basil/project/DHT11_ble/frimware/main/main.c:16:3: error: implicit declaration of function 'pinMode' [-Werror=implicit-function-declaration]
   16 |   pinMode(_pin, INPUT_PULLUP);
      |   ^~~~~~~
/home/basil/project/DHT11_ble/frimware/main/main.c:16:11: error: '_pin' undeclared (first use in this function)
   16 |   pinMode(_pin, INPUT_PULLUP);
      |           ^~~~
/home/basil/project/DHT11_ble/frimware/main/main.c:16:17: error: 'INPUT_PULLUP' undeclared (first use in this function)
   16 |   pinMode(_pin, INPUT_PULLUP);
      |                 ^~~~~~~~~~~~
/home/basil/project/DHT11_ble/frimware/main/main.c:18:3: error: '_lastreadtime' undeclared (first use in this function)
   18 |   _lastreadtime = millis() - MIN_INTERVAL;
      |   ^~~~~~~~~~~~~
/home/basil/project/DHT11_ble/frimware/main/main.c:18:19: error: implicit declaration of function 'millis' [-Werror=implicit-function-declaration]
   18 |   _lastreadtime = millis() - MIN_INTERVAL;
      |                   ^~~~~~
/home/basil/project/DHT11_ble/frimware/main/main.c:19:40: error: '_maxcycles' undeclared (first use in this function)
   19 |   printf("DHT max clock cycles: %u\n", _maxcycles);
      |                                        ^~~~~~~~~~
/home/basil/project/DHT11_ble/frimware/main/main.c:20:3: error: 'pullTime' undeclared (first use in this function)
   20 |   pullTime = usec;
      |   ^~~~~~~~
/home/basil/project/DHT11_ble/frimware/main/main.c: In function 'DHT_readTemperature':
/home/basil/project/DHT11_ble/frimware/main/main.c:23:13: error: 'NAN' undeclared (first use in this function)
   23 |   float f = NAN;
      |             ^~~
/home/basil/project/DHT11_ble/frimware/main/main.c:25:7: error: too few arguments to function 'read'
   25 |   if (read(force)) {
      |       ^~~~
In file included from /home/basil/esp/esp-idf/components/newlib/platform_include/sys/unistd.h:11,
                 from /home/basil/.espressif/tools/xtensa-esp32-elf/esp-2022r1-11.2.0/xtensa-esp32-elf/xtensa-esp32-elf/sys-include/unistd.h:4,
                 from /home/basil/project/DHT11_ble/frimware/main/main.c:3:
/home/basil/.espressif/tools/xtensa-esp32-elf/esp-2022r1-11.2.0/xtensa-esp32-elf/xtensa-esp32-elf/sys-include/sys/unistd.h:189:25: note: declared here
  189 | _READ_WRITE_RETURN_TYPE read (int __fd, void *__buf, size_t __nbyte);
      |                         ^~~~
/home/basil/project/DHT11_ble/frimware/main/main.c:26:13: error: '_type' undeclared (first use in this function)
   26 |     switch (_type) {
      |             ^~~~~
/home/basil/project/DHT11_ble/frimware/main/main.c:27:12: error: 'DHT11' undeclared (first use in this function)
   27 |       case DHT11:
      |            ^~~~~
/home/basil/project/DHT11_ble/frimware/main/main.c:28:13: error: 'data' undeclared (first use in this function)
   28 |         f = data[2];
      |             ^~~~
/home/basil/project/DHT11_ble/frimware/main/main.c:34:15: error: implicit declaration of function 'convertCtoF' [-Werror=implicit-function-declaration]
   34 |           f = convertCtoF(f);
      |               ^~~~~~~~~~~
/home/basil/project/DHT11_ble/frimware/main/main.c:37:12: error: 'DHT12' undeclared (first use in this function)
   37 |       case DHT12:
      |            ^~~~~
/home/basil/project/DHT11_ble/frimware/main/main.c:47:12: error: 'DHT22' undeclared (first use in this function)
   47 |       case DHT22:
      |            ^~~~~
/home/basil/project/DHT11_ble/frimware/main/main.c:48:12: error: 'DHT21' undeclared (first use in this function)
   48 |       case DHT21:
      |            ^~~~~
/home/basil/project/DHT11_ble/frimware/main/main.c: In function 'DHT_readHumidity':
/home/basil/project/DHT11_ble/frimware/main/main.c:67:13: error: 'NAN' undeclared (first use in this function)
   67 |   float f = NAN;
      |             ^~~
/home/basil/project/DHT11_ble/frimware/main/main.c:68:7: error: too few arguments to function 'read'
   68 |   if (read(force)) {
      |       ^~~~
In file included from /home/basil/esp/esp-idf/components/newlib/platform_include/sys/unistd.h:11,
                 from /home/basil/.espressif/tools/xtensa-esp32-elf/esp-2022r1-11.2.0/xtensa-esp32-elf/xtensa-esp32-elf/sys-include/unistd.h:4,
                 from /home/basil/project/DHT11_ble/frimware/main/main.c:3:
/home/basil/.espressif/tools/xtensa-esp32-elf/esp-2022r1-11.2.0/xtensa-esp32-elf/xtensa-esp32-elf/sys-include/sys/unistd.h:189:25: note: declared here
  189 | _READ_WRITE_RETURN_TYPE read (int __fd, void *__buf, size_t __nbyte);
      |                         ^~~~
/home/basil/project/DHT11_ble/frimware/main/main.c:69:13: error: '_type' undeclared (first use in this function)
   69 |     switch (_type) {
      |             ^~~~~
/home/basil/project/DHT11_ble/frimware/main/main.c:70:12: error: 'DHT11' undeclared (first use in this function)
   70 |       case DHT11:
      |            ^~~~~
/home/basil/project/DHT11_ble/frimware/main/main.c:71:12: error: 'DHT12' undeclared (first use in this function)
   71 |       case DHT12:
      |            ^~~~~
/home/basil/project/DHT11_ble/frimware/main/main.c:72:13: error: 'data' undeclared (first use in this function)
   72 |         f = data[0] + data[1] * 0.1;
      |             ^~~~
/home/basil/project/DHT11_ble/frimware/main/main.c:74:12: error: 'DHT22' undeclared (first use in this function)
   74 |       case DHT22:
      |            ^~~~~
/home/basil/project/DHT11_ble/frimware/main/main.c:75:12: error: 'DHT21' undeclared (first use in this function)
   75 |       case DHT21:
      |            ^~~~~
/home/basil/project/DHT11_ble/frimware/main/main.c: In function 'DHT_computeHeatIndex':
/home/basil/project/DHT11_ble/frimware/main/main.c:84:14: error: implicit declaration of function 'computeHeatIndex'; did you mean 'DHT_computeHeatIndex'? [-Werror=implicit-function-declaration]
   84 |   float hi = computeHeatIndex(readTemperature(isFahrenheit), readHumidity(), isFahrenheit);
      |              ^~~~~~~~~~~~~~~~
      |              DHT_computeHeatIndex
/home/basil/project/DHT11_ble/frimware/main/main.c:84:31: error: implicit declaration of function 'readTemperature'; did you mean 'DHT_readTemperature'? [-Werror=implicit-function-declaration]
   84 |   float hi = computeHeatIndex(readTemperature(isFahrenheit), readHumidity(), isFahrenheit);
      |                               ^~~~~~~~~~~~~~~
      |                               DHT_readTemperature
/home/basil/project/DHT11_ble/frimware/main/main.c:84:62: error: implicit declaration of function 'readHumidity'; did you mean 'DHT_readHumidity'? [-Werror=implicit-function-declaration]
   84 |   float hi = computeHeatIndex(readTemperature(isFahrenheit), readHumidity(), isFahrenheit);
      |                                                              ^~~~~~~~~~~~
      |                                                              DHT_readHumidity
/home/basil/project/DHT11_ble/frimware/main/main.c: At top level:
/home/basil/project/DHT11_ble/frimware/main/main.c:87:7: error: conflicting types for 'DHT_computeHeatIndex'; have 'float(float,  float,  _Bool)'
   87 | float DHT_computeHeatIndex(float temperature, float percentHumidity, bool isFahrenheit) {
      |       ^~~~~~~~~~~~~~~~~~~~
/home/basil/project/DHT11_ble/frimware/main/main.c:83:7: note: previous definition of 'DHT_computeHeatIndex' with type 'float(_Bool)'
   83 | float DHT_computeHeatIndex(bool isFahrenheit) {
      |       ^~~~~~~~~~~~~~~~~~~~
/home/basil/project/DHT11_ble/frimware/main/main.c: In function 'DHT_computeHeatIndex':
/home/basil/project/DHT11_ble/frimware/main/main.c:99:24: error: implicit declaration of function 'pow' [-Werror=implicit-function-declaration]
   99 |          -0.00683783 * pow(temperature, 2) +
      |                        ^~~
/home/basil/project/DHT11_ble/frimware/main/main.c:4:1: note: include '<math.h>' or provide a declaration of 'pow'
    3 | #include <unistd.h>
  +++ |+#include <math.h>
    4 | 
/home/basil/project/DHT11_ble/frimware/main/main.c:99:24: warning: incompatible implicit declaration of built-in function 'pow' [-Wbuiltin-declaration-mismatch]
   99 |          -0.00683783 * pow(temperature, 2) +
      |                        ^~~
/home/basil/project/DHT11_ble/frimware/main/main.c:99:24: note: include '<math.h>' or provide a declaration of 'pow'
/home/basil/project/DHT11_ble/frimware/main/main.c:108:13: error: implicit declaration of function 'sqrt' [-Werror=implicit-function-declaration]
  108 |             sqrt((17.0 - fabs(temperature - 95.0)) * 0.05882);
      |             ^~~~
/home/basil/project/DHT11_ble/frimware/main/main.c:108:13: note: include '<math.h>' or provide a declaration of 'sqrt'
/home/basil/project/DHT11_ble/frimware/main/main.c:108:13: warning: incompatible implicit declaration of built-in function 'sqrt' [-Wbuiltin-declaration-mismatch]
/home/basil/project/DHT11_ble/frimware/main/main.c:108:13: note: include '<math.h>' or provide a declaration of 'sqrt'
/home/basil/project/DHT11_ble/frimware/main/main.c:108:26: error: implicit declaration of function 'fabs' [-Werror=implicit-function-declaration]
  108 |             sqrt((17.0 - fabs(temperature - 95.0)) * 0.05882);
      |                          ^~~~
/home/basil/project/DHT11_ble/frimware/main/main.c:108:26: note: include '<math.h>' or provide a declaration of 'fabs'
/home/basil/project/DHT11_ble/frimware/main/main.c:108:26: warning: incompatible implicit declaration of built-in function 'fabs' [-Wbuiltin-declaration-mismatch]
/home/basil/project/DHT11_ble/frimware/main/main.c:108:26: note: include '<math.h>' or provide a declaration of 'fabs'
/home/basil/project/DHT11_ble/frimware/main/main.c:115:30: error: implicit declaration of function 'convertFtoC'; did you mean 'DHT_convertFtoC'? [-Werror=implicit-function-declaration]
  115 |   return isFahrenheit ? hi : convertFtoC(hi);
      |                              ^~~~~~~~~~~
      |                              DHT_convertFtoC
/home/basil/project/DHT11_ble/frimware/main/main.c: In function 'DHT_read':
/home/basil/project/DHT11_ble/frimware/main/main.c:119:33: error: '_lastreadtime' undeclared (first use in this function)
  119 |   if (!force && ((currenttime - _lastreadtime) < MIN_INTERVAL)) {
      |                                 ^~~~~~~~~~~~~
/home/basil/project/DHT11_ble/frimware/main/main.c:120:12: error: '_lastresult' undeclared (first use in this function)
  120 |     return _lastresult;
      |            ^~~~~~~~~~~
/home/basil/project/DHT11_ble/frimware/main/main.c:124:3: error: 'data' undeclared (first use in this function)
  124 |   data[0] = data[1] = data[2] = data[3] = data[4] = 0;
      |   ^~~~
/home/basil/project/DHT11_ble/frimware/main/main.c:130:11: error: '_pin' undeclared (first use in this function)
  130 |   pinMode(_pin, INPUT_PULLUP);
      |           ^~~~
/home/basil/project/DHT11_ble/frimware/main/main.c:130:17: error: 'INPUT_PULLUP' undeclared (first use in this function)
  130 |   pinMode(_pin, INPUT_PULLUP);
      |                 ^~~~~~~~~~~~
/home/basil/project/DHT11_ble/frimware/main/main.c:131:3: error: implicit declaration of function 'delay' [-Werror=implicit-function-declaration]
  131 |   delay(1);
      |   ^~~~~
/home/basil/project/DHT11_ble/frimware/main/main.c:133:17: error: 'OUTPUT' undeclared (first use in this function)
  133 |   pinMode(_pin, OUTPUT);
      |                 ^~~~~~
/home/basil/project/DHT11_ble/frimware/main/main.c:134:3: error: implicit declaration of function 'digitalWrite' [-Werror=implicit-function-declaration]
  134 |   digitalWrite(_pin, LOW);
      |   ^~~~~~~~~~~~
/home/basil/project/DHT11_ble/frimware/main/main.c:134:22: error: 'LOW' undeclared (first use in this function)
  134 |   digitalWrite(_pin, LOW);
      |                      ^~~
/home/basil/project/DHT11_ble/frimware/main/main.c:135:11: error: '_type' undeclared (first use in this function)
  135 |   switch (_type) {
      |           ^~~~~
/home/basil/project/DHT11_ble/frimware/main/main.c:136:8: error: 'DHT22' undeclared (first use in this function)
  136 |   case DHT22:
      |        ^~~~~
/home/basil/project/DHT11_ble/frimware/main/main.c:137:8: error: 'DHT21' undeclared (first use in this function)
  137 |   case DHT21:
      |        ^~~~~
/home/basil/project/DHT11_ble/frimware/main/main.c:138:5: error: implicit declaration of function 'delayMicroseconds' [-Werror=implicit-function-declaration]
  138 |     delayMicroseconds(1100);
      |     ^~~~~~~~~~~~~~~~~
/home/basil/project/DHT11_ble/frimware/main/main.c:140:8: error: 'DHT11' undeclared (first use in this function)
  140 |   case DHT11:
      |        ^~~~~
/home/basil/project/DHT11_ble/frimware/main/main.c:149:23: error: 'pullTime' undeclared (first use in this function)
  149 |     delayMicroseconds(pullTime);
      |                       ^~~~~~~~
/home/basil/project/DHT11_ble/frimware/main/main.c:151:5: error: unknown type name 'InterruptLock'
  151 |     InterruptLock lock;
      |     ^~~~~~~~~~~~~
/home/basil/project/DHT11_ble/frimware/main/main.c:153:9: error: implicit declaration of function 'expectPulse' [-Werror=implicit-function-declaration]
  153 |     if (expectPulse(LOW) == TIMEOUT) {
      |         ^~~~~~~~~~~
/home/basil/project/DHT11_ble/frimware/main/main.c:154:7: error: implicit declaration of function 'DEBUG_PRINTLN' [-Werror=implicit-function-declaration]
  154 |       DEBUG_PRINTLN(F("DHT timeout waiting for start signal low pulse."));
      |       ^~~~~~~~~~~~~
/home/basil/project/DHT11_ble/frimware/main/main.c:154:21: error: implicit declaration of function 'F' [-Werror=implicit-function-declaration]
  154 |       DEBUG_PRINTLN(F("DHT timeout waiting for start signal low pulse."));
      |                     ^
/home/basil/project/DHT11_ble/frimware/main/main.c:158:21: error: 'HIGH' undeclared (first use in this function)
  158 |     if (expectPulse(HIGH) == TIMEOUT) {
      |                     ^~~~
/home/basil/project/DHT11_ble/frimware/main/main.c:151:19: warning: unused variable 'lock' [-Wunused-variable]
  151 |     InterruptLock lock;
      |                   ^~~~
/home/basil/project/DHT11_ble/frimware/main/main.c:185:3: error: implicit declaration of function 'DEBUG_PRINT' [-Werror=implicit-function-declaration]
  185 |   DEBUG_PRINT(data[0], HEX);
      |   ^~~~~~~~~~~
/home/basil/project/DHT11_ble/frimware/main/main.c:185:24: error: 'HEX' undeclared (first use in this function)
  185 |   DEBUG_PRINT(data[0], HEX);
      |                        ^~~
/home/basil/project/DHT11_ble/frimware/main/main.c: In function 'DHT_expectPulse':
/home/basil/project/DHT11_ble/frimware/main/main.c:209:12: error: implicit declaration of function 'digitalRead' [-Werror=implicit-function-declaration]
  209 |     while (digitalRead(_pin) == level) {
      |            ^~~~~~~~~~~
/home/basil/project/DHT11_ble/frimware/main/main.c:210:24: error: '_maxcycles' undeclared (first use in this function); did you mean 'cycles'?
  210 |         if (count++ >= _maxcycles) {
      |                        ^~~~~~~~~~
      |                        cycles
/home/basil/project/DHT11_ble/frimware/main/main.c: In function 'DHT_read':
/home/basil/project/DHT11_ble/frimware/main/main.c:216:1: error: expected declaration or statement at end of input
  216 | }
      | ^
/home/basil/project/DHT11_ble/frimware/main/main.c: In function 'DHT_DHT':
/home/basil/project/DHT11_ble/frimware/main/main.c:13:1: error: control reaches end of non-void function [-Werror=return-type]
   13 | }
      | ^
/home/basil/project/DHT11_ble/frimware/main/main.c: In function 'DHT_read':
/home/basil/project/DHT11_ble/frimware/main/main.c:217: error: control reaches end of non-void function [-Werror=return-type]
At top level:
/home/basil/project/DHT11_ble/frimware/main/main.c:206:10: warning: 'DHT_expectPulse' defined but not used [-Wunused-function]
  206 | uint32_t DHT_expectPulse(bool level) {
      |          ^~~~~~~~~~~~~~~
cc1: some warnings being treated as errors
ninja: build stopped: subcommand failed.
